This file contains any messages produced by compilers while
running configure, to aid debugging if configure makes a mistake.

It was created by configure, which was
generated by GNU Autoconf 2.69.  Invocation command line was

  $ ./configure --with-langvox=android --target=armeabiv7a-android

## --------- ##
## Platform. ##
## --------- ##

hostname = LAPTOP-S2K33P09
uname -m = x86_64
uname -r = 5.15.79.1-microsoft-standard-WSL2
uname -s = Linux
uname -v = #1 SMP Wed Nov 23 01:01:46 UTC 2022

/usr/bin/uname -p = x86_64
/bin/uname -X     = unknown

/bin/arch              = x86_64
/usr/bin/arch -k       = unknown
/usr/convex/getsysinfo = unknown
/usr/bin/hostinfo      = unknown
/bin/machine           = unknown
/usr/bin/oslevel       = unknown
/bin/universe          = unknown

PATH: /home/shyam/anaconda3/bin
PATH: /home/shyam/anaconda3/condabin
PATH: /usr/local/sbin
PATH: /usr/local/bin
PATH: /usr/sbin
PATH: /usr/bin
PATH: /sbin
PATH: /bin
PATH: /usr/games
PATH: /usr/local/games
PATH: /usr/lib/wsl/lib
PATH: /mnt/c/Program Files/AdoptOpenJDK/jdk-8.0.272.10-hotspot/bin
PATH: /mnt/c/Program Files/NVIDIA GPU Computing Toolkit/CUDA/v8.0/bin
PATH: /mnt/c/Program Files/NVIDIA GPU Computing Toolkit/CUDA/v8.0/libnvvp
PATH: /mnt/c/Windows/system32
PATH: /mnt/c/Windows
PATH: /mnt/c/Windows/System32/Wbem
PATH: /mnt/c/Windows/System32/WindowsPowerShell/v1.0
PATH: /mnt/c/Windows/System32/OpenSSH
PATH: /mnt/c/Program Files/NVIDIA Corporation/NVIDIA NvDLISR
PATH: /mnt/c/Program Files/Intel/WiFi/bin
PATH: /mnt/c/Program Files/Common Files/Intel/WirelessCommon
PATH: /mnt/c/Program Files/PuTTY
PATH: /mnt/c/Program Files/CMake/bin
PATH: /mnt/c/WINDOWS/system32
PATH: /mnt/c/WINDOWS
PATH: /mnt/c/WINDOWS/System32/Wbem
PATH: /mnt/c/WINDOWS/System32/WindowsPowerShell/v1.0
PATH: /mnt/c/WINDOWS/System32/OpenSSH
PATH: /mnt/d/builds/path
PATH: /mnt/d/builds/path/ffmpeg/bin
PATH: /mnt/c/Program Files (x86)/dotnet
PATH: /mnt/c/Program Files/gs/gs10.00.0/bin
PATH: /mnt/c/Program Files (x86)/NVIDIA Corporation/PhysX/Common
PATH: /mnt/c/Program Files/Git/cmd
PATH: /mnt/c/Users/krish/AppData/Local/Microsoft/WindowsApps
PATH: /mnt/c/Users/krish/Downloads/caffe-windows-ms/windows/thirdparty/bins
PATH: /mnt/c/Program Files/ninja-win
PATH: /mnt/c/Users/krish/AppData/Local/GitHubDesktop/bin
PATH: /snap/bin


## ----------- ##
## Core tests. ##
## ----------- ##

configure:2193: checking build system type
configure:2207: result: x86_64-unknown-linux-gnu
configure:2227: checking host system type
configure:2240: result: x86_64-unknown-linux-gnu
configure:2260: checking target system type
configure:2273: result: armeabiv7a-unknown-android
configure:2348: checking for gcc
configure:2364: found /usr/bin/gcc
configure:2375: result: gcc
configure:2604: checking for C compiler version
configure:2613: gcc --version >&5
gcc (Ubuntu 9.4.0-1ubuntu1~20.04.1) 9.4.0
Copyright (C) 2019 Free Software Foundation, Inc.
This is free software; see the source for copying conditions.  There is NO
warranty; not even for MERCHANTABILITY or FITNESS FOR A PARTICULAR PURPOSE.

configure:2624: $? = 0
configure:2613: gcc -v >&5
Using built-in specs.
COLLECT_GCC=gcc
COLLECT_LTO_WRAPPER=/usr/lib/gcc/x86_64-linux-gnu/9/lto-wrapper
OFFLOAD_TARGET_NAMES=nvptx-none:hsa
OFFLOAD_TARGET_DEFAULT=1
Target: x86_64-linux-gnu
Configured with: ../src/configure -v --with-pkgversion='Ubuntu 9.4.0-1ubuntu1~20.04.1' --with-bugurl=file:///usr/share/doc/gcc-9/README.Bugs --enable-languages=c,ada,c++,go,brig,d,fortran,objc,obj-c++,gm2 --prefix=/usr --with-gcc-major-version-only --program-suffix=-9 --program-prefix=x86_64-linux-gnu- --enable-shared --enable-linker-build-id --libexecdir=/usr/lib --without-included-gettext --enable-threads=posix --libdir=/usr/lib --enable-nls --enable-clocale=gnu --enable-libstdcxx-debug --enable-libstdcxx-time=yes --with-default-libstdcxx-abi=new --enable-gnu-unique-object --disable-vtable-verify --enable-plugin --enable-default-pie --with-system-zlib --with-target-system-zlib=auto --enable-objc-gc=auto --enable-multiarch --disable-werror --with-arch-32=i686 --with-abi=m64 --with-multilib-list=m32,m64,mx32 --enable-multilib --with-tune=generic --enable-offload-targets=nvptx-none=/build/gcc-9-Av3uEd/gcc-9-9.4.0/debian/tmp-nvptx/usr,hsa --without-cuda-driver --enable-checking=release --build=x86_64-linux-gnu --host=x86_64-linux-gnu --target=x86_64-linux-gnu
Thread model: posix
gcc version 9.4.0 (Ubuntu 9.4.0-1ubuntu1~20.04.1) 
configure:2624: $? = 0
configure:2613: gcc -V >&5
gcc: error: unrecognized command line option '-V'
gcc: fatal error: no input files
compilation terminated.
configure:2624: $? = 1
configure:2613: gcc -qversion >&5
gcc: error: unrecognized command line option '-qversion'; did you mean '--version'?
gcc: fatal error: no input files
compilation terminated.
configure:2624: $? = 1
configure:2644: checking whether the C compiler works
configure:2666: gcc    conftest.c  >&5
configure:2670: $? = 0
configure:2718: result: yes
configure:2721: checking for C compiler default output file name
configure:2723: result: a.out
configure:2729: checking for suffix of executables
configure:2736: gcc -o conftest    conftest.c  >&5
configure:2740: $? = 0
configure:2762: result: 
configure:2784: checking whether we are cross compiling
configure:2792: gcc -o conftest    conftest.c  >&5
configure:2796: $? = 0
configure:2803: ./conftest
configure:2807: $? = 0
configure:2795: result: no
configure:2800: checking for suffix of object files
configure:2822: gcc -c   conftest.c >&5
configure:2826: $? = 0
configure:2847: result: o
configure:2851: checking whether we are using the GNU C compiler
configure:2870: gcc -c   conftest.c >&5
configure:2870: $? = 0
configure:2879: result: yes
configure:2888: checking whether gcc accepts -g
configure:2908: gcc -c -g  conftest.c >&5
configure:2908: $? = 0
configure:2949: result: yes
configure:2966: checking for gcc option to accept ISO C89
configure:3029: gcc  -c -g -O2  conftest.c >&5
configure:3029: $? = 0
configure:3042: result: none needed
configure:3105: checking for ranlib
configure:3121: found /usr/bin/ranlib
configure:3132: result: ranlib
configure:3168: checking for a BSD-compatible install
configure:3236: result: /usr/bin/install -c
configure:3290: checking for ar
configure:3306: found /usr/bin/ar
configure:3317: result: ar
configure:3345: checking how to run the C preprocessor
configure:3376: gcc -E  conftest.c
configure:3376: $? = 0
configure:3390: gcc -E  conftest.c
conftest.c:9:10: fatal error: ac_nonexistent.h: No such file or directory
    9 | #include <ac_nonexistent.h>
      |          ^~~~~~~~~~~~~~~~~~
compilation terminated.
configure:3390: $? = 1
configure: failed program was:
| /* confdefs.h */
| #define PACKAGE_NAME ""
| #define PACKAGE_TARNAME ""
| #define PACKAGE_VERSION ""
| #define PACKAGE_STRING ""
| #define PACKAGE_BUGREPORT ""
| #define PACKAGE_URL ""
| /* end confdefs.h.  */
| #include <ac_nonexistent.h>
configure:3415: result: gcc -E
configure:3435: gcc -E  conftest.c
configure:3435: $? = 0
configure:3449: gcc -E  conftest.c
conftest.c:9:10: fatal error: ac_nonexistent.h: No such file or directory
    9 | #include <ac_nonexistent.h>
      |          ^~~~~~~~~~~~~~~~~~
compilation terminated.
configure:3449: $? = 1
configure: failed program was:
| /* confdefs.h */
| #define PACKAGE_NAME ""
| #define PACKAGE_TARNAME ""
| #define PACKAGE_VERSION ""
| #define PACKAGE_STRING ""
| #define PACKAGE_BUGREPORT ""
| #define PACKAGE_URL ""
| /* end confdefs.h.  */
| #include <ac_nonexistent.h>
configure:3478: checking for grep that handles long lines and -e
configure:3536: result: /usr/bin/grep
configure:3541: checking for egrep
configure:3603: result: /usr/bin/grep -E
configure:3608: checking for ANSI C header files
configure:3628: gcc -c -g -O2  conftest.c >&5
configure:3628: $? = 0
configure:3701: gcc -o conftest -g -O2   conftest.c  >&5
configure:3701: $? = 0
configure:3701: ./conftest
configure:3701: $? = 0
configure:3712: result: yes
configure:3725: checking for sys/types.h
configure:3725: gcc -c -g -O2  conftest.c >&5
configure:3725: $? = 0
configure:3725: result: yes
configure:3725: checking for sys/stat.h
configure:3725: gcc -c -g -O2  conftest.c >&5
configure:3725: $? = 0
configure:3725: result: yes
configure:3725: checking for stdlib.h
configure:3725: gcc -c -g -O2  conftest.c >&5
configure:3725: $? = 0
configure:3725: result: yes
configure:3725: checking for string.h
configure:3725: gcc -c -g -O2  conftest.c >&5
configure:3725: $? = 0
configure:3725: result: yes
configure:3725: checking for memory.h
configure:3725: gcc -c -g -O2  conftest.c >&5
configure:3725: $? = 0
configure:3725: result: yes
configure:3725: checking for strings.h
configure:3725: gcc -c -g -O2  conftest.c >&5
configure:3725: $? = 0
configure:3725: result: yes
configure:3725: checking for inttypes.h
configure:3725: gcc -c -g -O2  conftest.c >&5
configure:3725: $? = 0
configure:3725: result: yes
configure:3725: checking for stdint.h
configure:3725: gcc -c -g -O2  conftest.c >&5
configure:3725: $? = 0
configure:3725: result: yes
configure:3725: checking for unistd.h
configure:3725: gcc -c -g -O2  conftest.c >&5
configure:3725: $? = 0
configure:3725: result: yes
configure:3737: checking whether byte ordering is bigendian
configure:3752: gcc -c -g -O2  conftest.c >&5
conftest.c:20:9: error: unknown type name 'not'
   20 |         not a universal capable compiler
      |         ^~~
conftest.c:20:15: error: expected '=', ',', ';', 'asm' or '__attribute__' before 'universal'
   20 |         not a universal capable compiler
      |               ^~~~~~~~~
conftest.c:20:15: error: unknown type name 'universal'
configure:3752: $? = 1
configure: failed program was:
| /* confdefs.h */
| #define PACKAGE_NAME ""
| #define PACKAGE_TARNAME ""
| #define PACKAGE_VERSION ""
| #define PACKAGE_STRING ""
| #define PACKAGE_BUGREPORT ""
| #define PACKAGE_URL ""
| #define STDC_HEADERS 1
| #define HAVE_SYS_TYPES_H 1
| #define HAVE_SYS_STAT_H 1
| #define HAVE_STDLIB_H 1
| #define HAVE_STRING_H 1
| #define HAVE_MEMORY_H 1
| #define HAVE_STRINGS_H 1
| #define HAVE_INTTYPES_H 1
| #define HAVE_STDINT_H 1
| #define HAVE_UNISTD_H 1
| /* end confdefs.h.  */
| #ifndef __APPLE_CC__
| 	       not a universal capable compiler
| 	     #endif
| 	     typedef int dummy;
| 
configure:3797: gcc -c -g -O2  conftest.c >&5
configure:3797: $? = 0
configure:3815: gcc -c -g -O2  conftest.c >&5
conftest.c: In function 'main':
conftest.c:26:4: error: unknown type name 'not'; did you mean 'ino_t'?
   26 |    not big endian
      |    ^~~
      |    ino_t
conftest.c:26:12: error: expected '=', ',', ';', 'asm' or '__attribute__' before 'endian'
   26 |    not big endian
      |            ^~~~~~
configure:3815: $? = 1
configure: failed program was:
| /* confdefs.h */
| #define PACKAGE_NAME ""
| #define PACKAGE_TARNAME ""
| #define PACKAGE_VERSION ""
| #define PACKAGE_STRING ""
| #define PACKAGE_BUGREPORT ""
| #define PACKAGE_URL ""
| #define STDC_HEADERS 1
| #define HAVE_SYS_TYPES_H 1
| #define HAVE_SYS_STAT_H 1
| #define HAVE_STDLIB_H 1
| #define HAVE_STRING_H 1
| #define HAVE_MEMORY_H 1
| #define HAVE_STRINGS_H 1
| #define HAVE_INTTYPES_H 1
| #define HAVE_STDINT_H 1
| #define HAVE_UNISTD_H 1
| /* end confdefs.h.  */
| #include <sys/types.h>
| 		#include <sys/param.h>
| 
| int
| main ()
| {
| #if BYTE_ORDER != BIG_ENDIAN
| 		 not big endian
| 		#endif
| 
|   ;
|   return 0;
| }
configure:3943: result: no
configure:4236: /mnt/d/builds/tts/android-ndk-r21e/toolchains/llvm/prebuilt/linux-x86_64/bin/armv7a-linux-androideabi21-clang -c -g -O2 -Wall -fPIE -fPIC -Ofast -Wno-invalid-source-encoding  conftest.c >&5
conftest.c:24:33: warning: unused variable 'e' [-Wunused-variable]
                 const struct a e = { .d={ .b=3.14 } };
                                ^
1 warning generated.
configure:4236: $? = 0
configure:4247: checking for mmap
configure:4247: /mnt/d/builds/tts/android-ndk-r21e/toolchains/llvm/prebuilt/linux-x86_64/bin/armv7a-linux-androideabi21-clang -o conftest -g -O2 -Wall -fPIE -fPIC -Ofast -Wno-invalid-source-encoding   -pie conftest.c  >&5
configure:4247: $? = 0
configure:4247: result: yes
configure:4295: checking sys/soundcard.h usability
configure:4295: /mnt/d/builds/tts/android-ndk-r21e/toolchains/llvm/prebuilt/linux-x86_64/bin/armv7a-linux-androideabi21-clang -c -g -O2 -Wall -fPIE -fPIC -Ofast -Wno-invalid-source-encoding  conftest.c >&5
conftest.c:52:10: fatal error: 'sys/soundcard.h' file not found
#include <sys/soundcard.h>
         ^~~~~~~~~~~~~~~~~
1 error generated.
configure:4295: $? = 1
configure: failed program was:
| /* confdefs.h */
| #define PACKAGE_NAME ""
| #define PACKAGE_TARNAME ""
| #define PACKAGE_VERSION ""
| #define PACKAGE_STRING ""
| #define PACKAGE_BUGREPORT ""
| #define PACKAGE_URL ""
| #define STDC_HEADERS 1
| #define HAVE_SYS_TYPES_H 1
| #define HAVE_SYS_STAT_H 1
| #define HAVE_STDLIB_H 1
| #define HAVE_STRING_H 1
| #define HAVE_MEMORY_H 1
| #define HAVE_STRINGS_H 1
| #define HAVE_INTTYPES_H 1
| #define HAVE_STDINT_H 1
| #define HAVE_UNISTD_H 1
| /* end confdefs.h.  */
| #include <stdio.h>
| #ifdef HAVE_SYS_TYPES_H
| # include <sys/types.h>
| #endif
| #ifdef HAVE_SYS_STAT_H
| # include <sys/stat.h>
| #endif
| #ifdef STDC_HEADERS
| # include <stdlib.h>
| # include <stddef.h>
| #else
| # ifdef HAVE_STDLIB_H
| #  include <stdlib.h>
| # endif
| #endif
| #ifdef HAVE_STRING_H
| # if !defined STDC_HEADERS && defined HAVE_MEMORY_H
| #  include <memory.h>
| # endif
| # include <string.h>
| #endif
| #ifdef HAVE_STRINGS_H
| # include <strings.h>
| #endif
| #ifdef HAVE_INTTYPES_H
| # include <inttypes.h>
| #endif
| #ifdef HAVE_STDINT_H
| # include <stdint.h>
| #endif
| #ifdef HAVE_UNISTD_H
| # include <unistd.h>
| #endif
| #include <sys/soundcard.h>
configure:4295: result: no
configure:4295: checking sys/soundcard.h presence
configure:4295: gcc -E  conftest.c
configure:4295: $? = 0
configure:4295: result: yes
configure:4295: WARNING: sys/soundcard.h: present but cannot be compiled
configure:4295: WARNING: sys/soundcard.h:     check for missing prerequisite headers?
configure:4295: WARNING: sys/soundcard.h: see the Autoconf documentation
configure:4295: WARNING: sys/soundcard.h:     section "Present But Cannot Be Compiled"
configure:4295: WARNING: sys/soundcard.h: proceeding with the compiler's result
configure:4295: checking for sys/soundcard.h
configure:4295: result: no
configure:4302: checking machine/soundcard.h usability
configure:4302: /mnt/d/builds/tts/android-ndk-r21e/toolchains/llvm/prebuilt/linux-x86_64/bin/armv7a-linux-androideabi21-clang -c -g -O2 -Wall -fPIE -fPIC -Ofast -Wno-invalid-source-encoding  conftest.c >&5
conftest.c:52:10: fatal error: 'machine/soundcard.h' file not found
#include <machine/soundcard.h>
         ^~~~~~~~~~~~~~~~~~~~~
1 error generated.
configure:4302: $? = 1
configure: failed program was:
| /* confdefs.h */
| #define PACKAGE_NAME ""
| #define PACKAGE_TARNAME ""
| #define PACKAGE_VERSION ""
| #define PACKAGE_STRING ""
| #define PACKAGE_BUGREPORT ""
| #define PACKAGE_URL ""
| #define STDC_HEADERS 1
| #define HAVE_SYS_TYPES_H 1
| #define HAVE_SYS_STAT_H 1
| #define HAVE_STDLIB_H 1
| #define HAVE_STRING_H 1
| #define HAVE_MEMORY_H 1
| #define HAVE_STRINGS_H 1
| #define HAVE_INTTYPES_H 1
| #define HAVE_STDINT_H 1
| #define HAVE_UNISTD_H 1
| /* end confdefs.h.  */
| #include <stdio.h>
| #ifdef HAVE_SYS_TYPES_H
| # include <sys/types.h>
| #endif
| #ifdef HAVE_SYS_STAT_H
| # include <sys/stat.h>
| #endif
| #ifdef STDC_HEADERS
| # include <stdlib.h>
| # include <stddef.h>
| #else
| # ifdef HAVE_STDLIB_H
| #  include <stdlib.h>
| # endif
| #endif
| #ifdef HAVE_STRING_H
| # if !defined STDC_HEADERS && defined HAVE_MEMORY_H
| #  include <memory.h>
| # endif
| # include <string.h>
| #endif
| #ifdef HAVE_STRINGS_H
| # include <strings.h>
| #endif
| #ifdef HAVE_INTTYPES_H
| # include <inttypes.h>
| #endif
| #ifdef HAVE_STDINT_H
| # include <stdint.h>
| #endif
| #ifdef HAVE_UNISTD_H
| # include <unistd.h>
| #endif
| #include <machine/soundcard.h>
configure:4302: result: no
configure:4302: checking machine/soundcard.h presence
configure:4302: gcc -E  conftest.c
conftest.c:19:10: fatal error: machine/soundcard.h: No such file or directory
   19 | #include <machine/soundcard.h>
      |          ^~~~~~~~~~~~~~~~~~~~~
compilation terminated.
configure:4302: $? = 1
configure: failed program was:
| /* confdefs.h */
| #define PACKAGE_NAME ""
| #define PACKAGE_TARNAME ""
| #define PACKAGE_VERSION ""
| #define PACKAGE_STRING ""
| #define PACKAGE_BUGREPORT ""
| #define PACKAGE_URL ""
| #define STDC_HEADERS 1
| #define HAVE_SYS_TYPES_H 1
| #define HAVE_SYS_STAT_H 1
| #define HAVE_STDLIB_H 1
| #define HAVE_STRING_H 1
| #define HAVE_MEMORY_H 1
| #define HAVE_STRINGS_H 1
| #define HAVE_INTTYPES_H 1
| #define HAVE_STDINT_H 1
| #define HAVE_UNISTD_H 1
| /* end confdefs.h.  */
| #include <machine/soundcard.h>
configure:4302: result: no
configure:4302: checking for machine/soundcard.h
configure:4302: result: no
configure:4309: checking sys/audioio.h usability
configure:4309: /mnt/d/builds/tts/android-ndk-r21e/toolchains/llvm/prebuilt/linux-x86_64/bin/armv7a-linux-androideabi21-clang -c -g -O2 -Wall -fPIE -fPIC -Ofast -Wno-invalid-source-encoding  conftest.c >&5
conftest.c:52:10: fatal error: 'sys/audioio.h' file not found
#include <sys/audioio.h>
         ^~~~~~~~~~~~~~~
1 error generated.
configure:4309: $? = 1
configure: failed program was:
| /* confdefs.h */
| #define PACKAGE_NAME ""
| #define PACKAGE_TARNAME ""
| #define PACKAGE_VERSION ""
| #define PACKAGE_STRING ""
| #define PACKAGE_BUGREPORT ""
| #define PACKAGE_URL ""
| #define STDC_HEADERS 1
| #define HAVE_SYS_TYPES_H 1
| #define HAVE_SYS_STAT_H 1
| #define HAVE_STDLIB_H 1
| #define HAVE_STRING_H 1
| #define HAVE_MEMORY_H 1
| #define HAVE_STRINGS_H 1
| #define HAVE_INTTYPES_H 1
| #define HAVE_STDINT_H 1
| #define HAVE_UNISTD_H 1
| /* end confdefs.h.  */
| #include <stdio.h>
| #ifdef HAVE_SYS_TYPES_H
| # include <sys/types.h>
| #endif
| #ifdef HAVE_SYS_STAT_H
| # include <sys/stat.h>
| #endif
| #ifdef STDC_HEADERS
| # include <stdlib.h>
| # include <stddef.h>
| #else
| # ifdef HAVE_STDLIB_H
| #  include <stdlib.h>
| # endif
| #endif
| #ifdef HAVE_STRING_H
| # if !defined STDC_HEADERS && defined HAVE_MEMORY_H
| #  include <memory.h>
| # endif
| # include <string.h>
| #endif
| #ifdef HAVE_STRINGS_H
| # include <strings.h>
| #endif
| #ifdef HAVE_INTTYPES_H
| # include <inttypes.h>
| #endif
| #ifdef HAVE_STDINT_H
| # include <stdint.h>
| #endif
| #ifdef HAVE_UNISTD_H
| # include <unistd.h>
| #endif
| #include <sys/audioio.h>
configure:4309: result: no
configure:4309: checking sys/audioio.h presence
configure:4309: gcc -E  conftest.c
conftest.c:19:10: fatal error: sys/audioio.h: No such file or directory
   19 | #include <sys/audioio.h>
      |          ^~~~~~~~~~~~~~~
compilation terminated.
configure:4309: $? = 1
configure: failed program was:
| /* confdefs.h */
| #define PACKAGE_NAME ""
| #define PACKAGE_TARNAME ""
| #define PACKAGE_VERSION ""
| #define PACKAGE_STRING ""
| #define PACKAGE_BUGREPORT ""
| #define PACKAGE_URL ""
| #define STDC_HEADERS 1
| #define HAVE_SYS_TYPES_H 1
| #define HAVE_SYS_STAT_H 1
| #define HAVE_STDLIB_H 1
| #define HAVE_STRING_H 1
| #define HAVE_MEMORY_H 1
| #define HAVE_STRINGS_H 1
| #define HAVE_INTTYPES_H 1
| #define HAVE_STDINT_H 1
| #define HAVE_UNISTD_H 1
| /* end confdefs.h.  */
| #include <sys/audioio.h>
configure:4309: result: no
configure:4309: checking for sys/audioio.h
configure:4309: result: no
configure:4317: checking alsa/asoundlib.h usability
configure:4317: /mnt/d/builds/tts/android-ndk-r21e/toolchains/llvm/prebuilt/linux-x86_64/bin/armv7a-linux-androideabi21-clang -c -g -O2 -Wall -fPIE -fPIC -Ofast -Wno-invalid-source-encoding  conftest.c >&5
conftest.c:52:10: fatal error: 'alsa/asoundlib.h' file not found
#include <alsa/asoundlib.h>
         ^~~~~~~~~~~~~~~~~~
1 error generated.
configure:4317: $? = 1
configure: failed program was:
| /* confdefs.h */
| #define PACKAGE_NAME ""
| #define PACKAGE_TARNAME ""
| #define PACKAGE_VERSION ""
| #define PACKAGE_STRING ""
| #define PACKAGE_BUGREPORT ""
| #define PACKAGE_URL ""
| #define STDC_HEADERS 1
| #define HAVE_SYS_TYPES_H 1
| #define HAVE_SYS_STAT_H 1
| #define HAVE_STDLIB_H 1
| #define HAVE_STRING_H 1
| #define HAVE_MEMORY_H 1
| #define HAVE_STRINGS_H 1
| #define HAVE_INTTYPES_H 1
| #define HAVE_STDINT_H 1
| #define HAVE_UNISTD_H 1
| /* end confdefs.h.  */
| #include <stdio.h>
| #ifdef HAVE_SYS_TYPES_H
| # include <sys/types.h>
| #endif
| #ifdef HAVE_SYS_STAT_H
| # include <sys/stat.h>
| #endif
| #ifdef STDC_HEADERS
| # include <stdlib.h>
| # include <stddef.h>
| #else
| # ifdef HAVE_STDLIB_H
| #  include <stdlib.h>
| # endif
| #endif
| #ifdef HAVE_STRING_H
| # if !defined STDC_HEADERS && defined HAVE_MEMORY_H
| #  include <memory.h>
| # endif
| # include <string.h>
| #endif
| #ifdef HAVE_STRINGS_H
| # include <strings.h>
| #endif
| #ifdef HAVE_INTTYPES_H
| # include <inttypes.h>
| #endif
| #ifdef HAVE_STDINT_H
| # include <stdint.h>
| #endif
| #ifdef HAVE_UNISTD_H
| # include <unistd.h>
| #endif
| #include <alsa/asoundlib.h>
configure:4317: result: no
configure:4317: checking alsa/asoundlib.h presence
configure:4317: gcc -E  conftest.c
conftest.c:19:10: fatal error: alsa/asoundlib.h: No such file or directory
   19 | #include <alsa/asoundlib.h>
      |          ^~~~~~~~~~~~~~~~~~
compilation terminated.
configure:4317: $? = 1
configure: failed program was:
| /* confdefs.h */
| #define PACKAGE_NAME ""
| #define PACKAGE_TARNAME ""
| #define PACKAGE_VERSION ""
| #define PACKAGE_STRING ""
| #define PACKAGE_BUGREPORT ""
| #define PACKAGE_URL ""
| #define STDC_HEADERS 1
| #define HAVE_SYS_TYPES_H 1
| #define HAVE_SYS_STAT_H 1
| #define HAVE_STDLIB_H 1
| #define HAVE_STRING_H 1
| #define HAVE_MEMORY_H 1
| #define HAVE_STRINGS_H 1
| #define HAVE_INTTYPES_H 1
| #define HAVE_STDINT_H 1
| #define HAVE_UNISTD_H 1
| /* end confdefs.h.  */
| #include <alsa/asoundlib.h>
configure:4317: result: no
configure:4317: checking for alsa/asoundlib.h
configure:4317: result: no
configure:4325: checking mmsystem.h usability
configure:4325: /mnt/d/builds/tts/android-ndk-r21e/toolchains/llvm/prebuilt/linux-x86_64/bin/armv7a-linux-androideabi21-clang -c -g -O2 -Wall -fPIE -fPIC -Ofast -Wno-invalid-source-encoding  conftest.c >&5
conftest.c:52:10: fatal error: 'mmsystem.h' file not found
#include <mmsystem.h>
         ^~~~~~~~~~~~
1 error generated.
configure:4325: $? = 1
configure: failed program was:
| /* confdefs.h */
| #define PACKAGE_NAME ""
| #define PACKAGE_TARNAME ""
| #define PACKAGE_VERSION ""
| #define PACKAGE_STRING ""
| #define PACKAGE_BUGREPORT ""
| #define PACKAGE_URL ""
| #define STDC_HEADERS 1
| #define HAVE_SYS_TYPES_H 1
| #define HAVE_SYS_STAT_H 1
| #define HAVE_STDLIB_H 1
| #define HAVE_STRING_H 1
| #define HAVE_MEMORY_H 1
| #define HAVE_STRINGS_H 1
| #define HAVE_INTTYPES_H 1
| #define HAVE_STDINT_H 1
| #define HAVE_UNISTD_H 1
| /* end confdefs.h.  */
| #include <stdio.h>
| #ifdef HAVE_SYS_TYPES_H
| # include <sys/types.h>
| #endif
| #ifdef HAVE_SYS_STAT_H
| # include <sys/stat.h>
| #endif
| #ifdef STDC_HEADERS
| # include <stdlib.h>
| # include <stddef.h>
| #else
| # ifdef HAVE_STDLIB_H
| #  include <stdlib.h>
| # endif
| #endif
| #ifdef HAVE_STRING_H
| # if !defined STDC_HEADERS && defined HAVE_MEMORY_H
| #  include <memory.h>
| # endif
| # include <string.h>
| #endif
| #ifdef HAVE_STRINGS_H
| # include <strings.h>
| #endif
| #ifdef HAVE_INTTYPES_H
| # include <inttypes.h>
| #endif
| #ifdef HAVE_STDINT_H
| # include <stdint.h>
| #endif
| #ifdef HAVE_UNISTD_H
| # include <unistd.h>
| #endif
| #include <mmsystem.h>
configure:4325: result: no
configure:4325: checking mmsystem.h presence
configure:4325: gcc -E  conftest.c
conftest.c:19:10: fatal error: mmsystem.h: No such file or directory
   19 | #include <mmsystem.h>
      |          ^~~~~~~~~~~~
compilation terminated.
configure:4325: $? = 1
configure: failed program was:
| /* confdefs.h */
| #define PACKAGE_NAME ""
| #define PACKAGE_TARNAME ""
| #define PACKAGE_VERSION ""
| #define PACKAGE_STRING ""
| #define PACKAGE_BUGREPORT ""
| #define PACKAGE_URL ""
| #define STDC_HEADERS 1
| #define HAVE_SYS_TYPES_H 1
| #define HAVE_SYS_STAT_H 1
| #define HAVE_STDLIB_H 1
| #define HAVE_STRING_H 1
| #define HAVE_MEMORY_H 1
| #define HAVE_STRINGS_H 1
| #define HAVE_INTTYPES_H 1
| #define HAVE_STDINT_H 1
| #define HAVE_UNISTD_H 1
| /* end confdefs.h.  */
| #include <mmsystem.h>
configure:4325: result: no
configure:4325: checking for mmsystem.h
configure:4325: result: no
configure:4588: creating ./config.status

## ---------------------- ##
## Running config.status. ##
## ---------------------- ##

This file was extended by config.status, which was
generated by GNU Autoconf 2.69.  Invocation command line was

  CONFIG_FILES    = 
  CONFIG_HEADERS  = 
  CONFIG_LINKS    = 
  CONFIG_COMMANDS = 
  $ ./config.status 

on LAPTOP-S2K33P09

config.status:764: creating config/config
config.status:764: creating config/system.mak

## ---------------- ##
## Cache variables. ##
## ---------------- ##

ac_cv_build=x86_64-unknown-linux-gnu
ac_cv_c_bigendian=no
ac_cv_c_compiler_gnu=yes
ac_cv_env_CC_set=
ac_cv_env_CC_value=
ac_cv_env_CFLAGS_set=
ac_cv_env_CFLAGS_value=
ac_cv_env_CPPFLAGS_set=
ac_cv_env_CPPFLAGS_value=
ac_cv_env_CPP_set=
ac_cv_env_CPP_value=
ac_cv_env_LDFLAGS_set=
ac_cv_env_LDFLAGS_value=
ac_cv_env_LIBS_set=
ac_cv_env_LIBS_value=
ac_cv_env_build_alias_set=
ac_cv_env_build_alias_value=
ac_cv_env_host_alias_set=
ac_cv_env_host_alias_value=
ac_cv_env_target_alias_set=set
ac_cv_env_target_alias_value=armeabiv7a-android
ac_cv_func_mmap=yes
ac_cv_header_alsa_asoundlib_h=no
ac_cv_header_inttypes_h=yes
ac_cv_header_machine_soundcard_h=no
ac_cv_header_memory_h=yes
ac_cv_header_mmsystem_h=no
ac_cv_header_stdc=yes
ac_cv_header_stdint_h=yes
ac_cv_header_stdlib_h=yes
ac_cv_header_string_h=yes
ac_cv_header_strings_h=yes
ac_cv_header_sys_audioio_h=no
ac_cv_header_sys_soundcard_h=no
ac_cv_header_sys_stat_h=yes
ac_cv_header_sys_types_h=yes
ac_cv_header_unistd_h=yes
ac_cv_host=x86_64-unknown-linux-gnu
ac_cv_objext=o
ac_cv_path_EGREP='/usr/bin/grep -E'
ac_cv_path_GREP=/usr/bin/grep
ac_cv_path_install='/usr/bin/install -c'
ac_cv_prog_CPP='gcc -E'
ac_cv_prog_ac_ct_AR=ar
ac_cv_prog_ac_ct_CC=gcc
ac_cv_prog_ac_ct_RANLIB=ranlib
ac_cv_prog_cc_c89=
ac_cv_prog_cc_g=yes
ac_cv_target=armeabiv7a-unknown-android

## ----------------- ##
## Output variables. ##
## ----------------- ##

AR='/mnt/d/builds/tts/android-ndk-r21e/toolchains/llvm/prebuilt/linux-x86_64/bin/arm-linux-androideabi-ar'
AUDIODEFS='-DCST_AUDIO_NONE'
AUDIODRIVER='none'
AUDIOLIBS=''
CC='/mnt/d/builds/tts/android-ndk-r21e/toolchains/llvm/prebuilt/linux-x86_64/bin/armv7a-linux-androideabi21-clang'
CFLAGS='-g -O2 -Wall -fPIE -fPIC -Ofast -Wno-invalid-source-encoding'
CPP='gcc -E'
CPPFLAGS=''
DEFS='-DPACKAGE_NAME=\"\" -DPACKAGE_TARNAME=\"\" -DPACKAGE_VERSION=\"\" -DPACKAGE_STRING=\"\" -DPACKAGE_BUGREPORT=\"\" -DPACKAGE_URL=\"\" -DSTDC_HEADERS=1 -DHAVE_SYS_TYPES_H=1 -DHAVE_SYS_STAT_H=1 -DHAVE_STDLIB_H=1 -DHAVE_STRING_H=1 -DHAVE_MEMORY_H=1 -DHAVE_STRINGS_H=1 -DHAVE_INTTYPES_H=1 -DHAVE_STDINT_H=1 -DHAVE_UNISTD_H=1'
DLLTOOL=''
DLLWRAP=''
ECHO_C=''
ECHO_N='-n'
ECHO_T=''
EGREP='/usr/bin/grep -E'
ENDIANDEFS=''
EXEEXT=''
FL_LANG='usenglish'
FL_LANGVOX='android'
FL_LEX='cmulex'
FL_VOX='cmu_us_kal'
GREP='/usr/bin/grep'
HOST_CPU='x86_64'
HOST_OS='linux-gnu'
INSTALL_DATA='${INSTALL} -m 644'
INSTALL_PROGRAM='${INSTALL}'
INSTALL_SCRIPT='${INSTALL}'
LDFLAGS=' -pie'
LEXDEFS=''
LIBOBJS=''
LIBS=''
LTLIBOBJS=''
M68KCC=''
MMAPTYPE='posix'
NM='/mnt/d/builds/tts/android-ndk-r21e/toolchains/llvm/prebuilt/linux-x86_64/bin/arm-linux-androideabi-nm'
OBJEXT='o'
OTHERLIBS=''
PACKAGE_BUGREPORT=''
PACKAGE_NAME=''
PACKAGE_STRING=''
PACKAGE_TARNAME=''
PACKAGE_URL=''
PACKAGE_VERSION=''
PATH_SEPARATOR=':'
RANLIB='/mnt/d/builds/tts/android-ndk-r21e/toolchains/llvm/prebuilt/linux-x86_64/bin/arm-linux-androideabi-ranlib'
SHELL='/bin/bash'
SHFLAGS=''
SIZE=''
STDIOTYPE='stdio'
STRIP=''
TARGET_CPU='armeabiv7a'
TARGET_OS='android'
VOXDEFS=''
WINDRES=''
ac_ct_CC='gcc'
bindir='${exec_prefix}/bin'
build='x86_64-unknown-linux-gnu'
build_alias=''
build_cpu='x86_64'
build_os='linux-gnu'
build_vendor='unknown'
datadir='${datarootdir}'
datarootdir='${prefix}/share'
docdir='${datarootdir}/doc/${PACKAGE}'
dvidir='${docdir}'
exec_prefix='${prefix}'
host='x86_64-unknown-linux-gnu'
host_alias=''
host_cpu='x86_64'
host_os='linux-gnu'
host_vendor='unknown'
htmldir='${docdir}'
includedir='${prefix}/include'
infodir='${datarootdir}/info'
libdir='${exec_prefix}/lib'
libexecdir='${exec_prefix}/libexec'
localedir='${datarootdir}/locale'
localstatedir='${prefix}/var'
mandir='${datarootdir}/man'
oldincludedir='/usr/include'
pdfdir='${docdir}'
prefix='/usr/local'
program_transform_name='s,x,x,'
psdir='${docdir}'
runstatedir='${localstatedir}/run'
sbindir='${exec_prefix}/sbin'
sharedstatedir='${prefix}/com'
sysconfdir='${prefix}/etc'
target='armeabiv7a-unknown-android'
target_alias='armeabiv7a-android'
target_cpu='armeabiv7a'
target_os='android'
target_vendor='unknown'

## ----------- ##
## confdefs.h. ##
## ----------- ##

/* confdefs.h */
#define PACKAGE_NAME ""
#define PACKAGE_TARNAME ""
#define PACKAGE_VERSION ""
#define PACKAGE_STRING ""
#define PACKAGE_BUGREPORT ""
#define PACKAGE_URL ""
#define STDC_HEADERS 1
#define HAVE_SYS_TYPES_H 1
#define HAVE_SYS_STAT_H 1
#define HAVE_STDLIB_H 1
#define HAVE_STRING_H 1
#define HAVE_MEMORY_H 1
#define HAVE_STRINGS_H 1
#define HAVE_INTTYPES_H 1
#define HAVE_STDINT_H 1
#define HAVE_UNISTD_H 1

configure: exit 0
